{"label":"Log Rotation","level":"info","message":"connect!"}
{"label":"Log Rotation","level":"debug","message":"The is the home '/' route."}
{"label":"Log Rotation","level":"info","message":"connect!"}
{"label":"Log Rotation","level":"debug","message":"The is the home '/' route."}
{"label":"Log Rotation","level":"debug","message":"The is the home '/' route."}
{"label":"Log Rotation","level":"info","message":"connect!"}
{"label":"Log Rotation","level":"debug","message":"The is the home '/' route."}
{"label":"Log Rotation","level":"debug","message":"The is the home '/' route."}
{"label":"Log Rotation","level":"info","message":"connect!"}
{"label":"Log Rotation","level":"debug","message":"The is the home '/' route."}
{"label":"Log Rotation","level":"info","message":"The is the home '/' route."}
{"label":"Log Rotation","level":"info","message":"connect!"}
{"label":"Log Rotation","level":"debug","message":"The is the home '/' route."}
{"label":"Log Rotation","level":"info","message":"'Server is running on port 3000"}
{"label":"Log Rotation","level":"info","message":"connect!"}
{"label":"Log Rotation","level":"debug","message":"The is the home '/' route."}
{"label":"Log Rotation","level":"info","message":"'Server is running on port : 3000"}
{"label":"Log Rotation","level":"info","message":"connect!"}
{"label":"Log Rotation","level":"debug","message":"The is the home '/' route."}
{"label":"Log Rotation","level":"info","message":"'Server is running on port : 3000"}
{"label":"Log Rotation","level":"info","message":"connect!"}
{"label":"Log Rotation","level":"debug","message":"The is the home '/' route."}
{"label":"Log Rotation","level":"info","message":"'Server is running on port : 3000"}
{"label":"Log Rotation","level":"info","message":"connect!"}
{"label":"Log Rotation","level":"debug","message":"The is the home '/' route."}
{"label":"Log Rotation","level":"info","message":"'Server is running on port : 3000"}
{"label":"Log Rotation","level":"error","message":"bad auth : authentication failed"}
{"label":"Log Rotation","level":"debug","message":"The is the home '/' route."}
{"label":"Log Rotation","level":"info","message":"'Server is running on port : 3000"}
{"label":"Log Rotation","level":"info","message":"connect!"}
{"label":"Log Rotation","level":"debug","message":"The is the home '/' route."}
{"label":"Log Rotation","level":"info","message":"'Server is running on port : 3000"}
{"label":"Log Rotation","level":"info","message":"connect!"}
{"label":"Log Rotation","level":"debug","message":"The is the home '/' route."}
{"label":"Log Rotation","level":"info","message":"'Server is running on port : 3000"}
{"label":"Log Rotation","level":"info","message":"connect!"}
{"label":"Log Rotation","level":"debug","message":"The is the home '/' route."}
{"label":"Log Rotation","level":"info","message":"'Server is running on port : 3000"}
{"label":"Log Rotation","level":"info","message":"connect!"}
{"label":"Log Rotation","level":"debug","message":"The is the home '/' route."}
{"label":"Log Rotation","level":"info","message":"'Server is running on port : 3000"}
{"label":"Log Rotation","level":"info","message":"connect!"}
{"label":"Log Rotation","level":"debug","message":"The is the home '/' route."}
{"label":"Log Rotation","level":"info","message":"'Server is running on port : 3000"}
{"label":"Log Rotation","level":"info","message":"connect!"}
{"label":"Log Rotation","level":"debug","message":"The is the home '/' route."}
{"label":"Log Rotation","level":"info","message":"'Server is running on port : 3000"}
{"label":"Log Rotation","level":"info","message":"connect!"}
{"label":"Log Rotation","level":"debug","message":"The is the home '/' route."}
{"label":"Log Rotation","level":"info","message":"'Server is running on port : 3000"}
{"label":"Log Rotation","level":"info","message":"connect!"}
{"label":"Log Rotation","level":"debug","message":"The is the home '/' route."}
{"label":"Log Rotation","level":"info","message":"'Server is running on port : 3000"}
{"label":"Log Rotation","level":"info","message":"connect!"}
{"label":"Log Rotation","level":"debug","message":"The is the home '/' route."}
{"label":"Log Rotation","level":"info","message":"'Server is running on port : 3000"}
{"label":"Log Rotation","level":"info","message":"connect!"}
{"label":"Log Rotation","level":"debug","message":"The is the home '/' route."}
{"label":"Log Rotation","level":"info","message":"'Server is running on port : 3000"}
{"label":"Log Rotation","level":"info","message":"connect!"}
{"label":"Log Rotation","level":"debug","message":"The is the home '/' route."}
{"label":"Log Rotation","level":"info","message":"'Server is running on port : 3000"}
{"label":"Log Rotation","level":"info","message":"connect!"}
{"label":"Log Rotation","level":"debug","message":"The is the home '/' route."}
{"label":"Log Rotation","level":"info","message":"'Server is running on port : 3000"}
{"label":"Log Rotation","level":"info","message":"connect!"}
{"label":"Log Rotation","level":"debug","message":"The is the home '/' route."}
{"label":"Log Rotation","level":"info","message":"'Server is running on port : 3000"}
{"label":"Log Rotation","level":"info","message":"connect!"}
{"label":"Log Rotation","level":"debug","message":"The is the home '/' route."}
{"label":"Log Rotation","level":"info","message":"'Server is running on port : 3000"}
{"label":"Log Rotation","level":"info","message":"connect!"}
{"label":"Log Rotation","level":"debug","message":"The is the home '/' route."}
{"label":"Log Rotation","level":"info","message":"'Server is running on port : 3000"}
{"label":"Log Rotation","level":"info","message":"connect!"}
{"label":"Log Rotation","level":"debug","message":"The is the home '/' route."}
{"label":"Log Rotation","level":"info","message":"'Server is running on port : 3000"}
{"label":"Log Rotation","level":"info","message":"connect!"}
{"label":"Log Rotation","level":"debug","message":"The is the home '/' route."}
{"label":"Log Rotation","level":"info","message":"'Server is running on port : 3000"}
{"label":"Log Rotation","level":"info","message":"connect!"}
{"label":"Log Rotation","level":"debug","message":"The is the home '/' route."}
{"label":"Log Rotation","level":"info","message":"'Server is running on port : 3000"}
{"label":"Log Rotation","level":"info","message":"connect!"}
{"label":"Log Rotation","level":"debug","message":"The is the home '/' route."}
{"label":"Log Rotation","level":"info","message":"'Server is running on port : 3000"}
{"label":"Log Rotation","level":"info","message":"connect!"}
{"label":"Log Rotation","level":"debug","message":"The is the home '/' route."}
{"label":"Log Rotation","level":"info","message":"'Server is running on port : 3000"}
{"label":"Log Rotation","level":"info","message":"connect!"}
{"label":"Log Rotation","level":"debug","message":"The is the home '/' route."}
{"label":"Log Rotation","level":"info","message":"'Server is running on port : 3000"}
{"label":"Log Rotation","level":"info","message":"connect!"}
{"label":"Log Rotation","level":"debug","message":"The is the home '/' route."}
{"label":"Log Rotation","level":"info","message":"'Server is running on port : 3000"}
{"label":"Log Rotation","level":"info","message":"connect!"}
{"label":"Log Rotation","level":"debug","message":"The is the home '/' route."}
{"label":"Log Rotation","level":"info","message":"'Server is running on port : 3000"}
{"label":"Log Rotation","level":"info","message":"connect!"}
{"label":"Log Rotation","level":"debug","message":"The is the home '/' route."}
{"label":"Log Rotation","level":"info","message":"'Server is running on port : 3000"}
{"label":"Log Rotation","level":"info","message":"connect!"}
{"label":"Log Rotation","level":"debug","message":"The is the home '/' route."}
{"label":"Log Rotation","level":"info","message":"'Server is running on port : 3000"}
{"label":"Log Rotation","level":"info","message":"connect!"}
{"label":"Log Rotation","level":"debug","message":"The is the home '/' route."}
{"label":"Log Rotation","level":"info","message":"'Server is running on port : 3000"}
{"label":"Log Rotation","level":"info","message":"connect!"}
{"label":"Log Rotation","level":"debug","message":"The is the home '/' route."}
{"label":"Log Rotation","level":"info","message":"'Server is running on port : 3000"}
{"label":"Log Rotation","level":"info","message":"connect!"}
{"label":"Log Rotation","level":"debug","message":"The is the home '/' route."}
{"label":"Log Rotation","level":"info","message":"'Server is running on port : 3000"}
{"label":"Log Rotation","level":"info","message":"connect!"}
{"label":"Log Rotation","level":"debug","message":"The is the home '/' route."}
{"label":"Log Rotation","level":"info","message":"'Server is running on port : 3000"}
{"label":"Log Rotation","level":"info","message":"connect!"}
{"label":"Log Rotation","level":"debug","message":"The is the home '/' route."}
{"label":"Log Rotation","level":"info","message":"'Server is running on port : 3000"}
{"label":"Log Rotation","level":"info","message":"connect!"}
{"label":"Log Rotation","level":"debug","message":"The is the home '/' route."}
{"label":"Log Rotation","level":"info","message":"'Server is running on port : 3000"}
{"label":"Log Rotation","level":"info","message":"connect!"}
{"label":"Log Rotation","level":"debug","message":"The is the home '/' route."}
{"label":"Log Rotation","level":"info","message":"'Server is running on port : 3000"}
{"label":"Log Rotation","level":"info","message":"connect!"}
{"label":"Log Rotation","level":"debug","message":"The is the home '/' route."}
{"label":"Log Rotation","level":"info","message":"'Server is running on port : 3000"}
{"label":"Log Rotation","level":"info","message":"connect!"}
{"label":"Log Rotation","level":"debug","message":"The is the home '/' route."}
{"label":"Log Rotation","level":"info","message":"'Server is running on port : 3000"}
{"label":"Log Rotation","level":"info","message":"connect!"}
{"label":"Log Rotation","level":"debug","message":"The is the home '/' route."}
{"label":"Log Rotation","level":"info","message":"'Server is running on port : 3000"}
{"label":"Log Rotation","level":"info","message":"connect!"}
{"label":"Log Rotation","level":"debug","message":"The is the home '/' route."}
{"label":"Log Rotation","level":"info","message":"'Server is running on port : 3000"}
{"label":"Log Rotation","level":"info","message":"connect!"}
{"label":"Log Rotation","level":"debug","message":"The is the home '/' route."}
{"label":"Log Rotation","level":"info","message":"'Server is running on port : 3000"}
{"label":"Log Rotation","level":"info","message":"connect!"}
{"label":"Log Rotation","level":"debug","message":"The is the home '/' route."}
{"label":"Log Rotation","level":"info","message":"'Server is running on port : 3000"}
{"label":"Log Rotation","level":"info","message":"connect!"}
{"label":"Log Rotation","level":"debug","message":"The is the home '/' route."}
{"label":"Log Rotation","level":"info","message":"'Server is running on port : 3000"}
{"label":"Log Rotation","level":"info","message":"connect!"}
{"label":"Log Rotation","level":"debug","message":"The is the home '/' route."}
